[ 2013-04-22T10:20:39+08:00 ] 127.0.0.1 /joo/
INFO: [ app_begin ] --START--
INFO: Run ReadHtmlCache Behavior [ RunTime:0.001721s ]
SQL: SHOW COLUMNS FROM `pin_ipban` [ RunTime:0.080651s ]
SQL: DELETE FROM `pin_ipban` WHERE expires_time <> 0 AND expires_time < 1366597238 [ RunTime:0.002975s ]
SQL: SELECT COUNT(*) AS tp_count FROM `pin_ipban` WHERE ( `type` = 'ip' ) AND ( `name` = '127.0.0.1' ) LIMIT 1   [ RunTime:0.000744s ]
INFO: Run check_ipban Behavior [ RunTime:-0.000065s ]
INFO: Run load_lang Behavior [ RunTime:-0.235767s ]
INFO: [ app_begin ] --END-- [ RunTime:0.256114s ]
SQL: SHOW COLUMNS FROM `pin_item` [ RunTime:0.011698s ]
SQL: SELECT COUNT(id) AS tp_count FROM `pin_item` WHERE ( `status` = 1 ) LIMIT 1   [ RunTime:0.012262s ]
SQL: SELECT `id`,`uid`,`uname`,`title`,`intro`,`img`,`price`,`likes`,`comments`,`comments_cache` FROM `pin_item` WHERE ( `status` = 1 ) ORDER BY hits DESC,id DESC LIMIT 0,8   [ RunTime:0.000701s ]
INFO: [ view_template ] --START--
INFO: Run basic_template Behavior [ RunTime:-0.354117s ]
INFO: [ view_template ] --END-- [ RunTime:0.013719s ]
INFO: [ view_parse ] --START--
INFO: [ view_template ] --START--
INFO: Run basic_template Behavior [ RunTime:-0.401103s ]
INFO: [ view_template ] --END-- [ RunTime:-0.033236s ]
INFO: [ view_template ] --START--
INFO: Run basic_template Behavior [ RunTime:-0.402568s ]
INFO: [ view_template ] --END-- [ RunTime:-0.034722s ]
INFO: [ view_template ] --START--
INFO: Run basic_template Behavior [ RunTime:-0.404159s ]
INFO: [ view_template ] --END-- [ RunTime:-0.036322s ]
INFO: [ view_template ] --START--
INFO: Run basic_template Behavior [ RunTime:-0.405921s ]
INFO: [ view_template ] --END-- [ RunTime:-0.038071s ]
SQL: SHOW COLUMNS FROM `pin_adboard` [ RunTime:0.030283s ]
SQL: SELECT * FROM `pin_adboard` WHERE ( `id` = 4 ) AND ( `status` = 1 ) LIMIT 1   [ RunTime:0.010772s ]
SQL: SHOW COLUMNS FROM `pin_ad` [ RunTime:0.022125s ]
SQL: SELECT `id`,`type`,`name`,`url`,`content`,`desc`,`extimg`,`extval` FROM `pin_ad` WHERE ( `board_id` = 4 ) AND ( `start_time` <= 1366597238 ) AND ( `end_time` >= 1366597238 ) AND ( `status` = 1 ) ORDER BY ordid  [ RunTime:0.011190s ]
INFO: [ view_template ] --START--
INFO: Run basic_template Behavior [ RunTime:-0.587086s ]
INFO: [ view_template ] --END-- [ RunTime:-0.219251s ]
INFO: [ view_parse ] --START--
INFO: Run ParseTemplate Behavior [ RunTime:-0.588595s ]
INFO: [ view_parse ] --END-- [ RunTime:0.004354s ]
INFO: [ view_filter ] --START--
INFO: Run ContentReplace Behavior [ RunTime:-0.592996s ]
INFO: Run TokenBuild Behavior [ RunTime:-0.595048s ]
INFO: Run WriteHtmlCache Behavior [ RunTime:-0.607313s ]
INFO: Run ShowRuntime Behavior [ RunTime:-0.608813s ]
INFO: Run content_replace Behavior [ RunTime:-0.611294s ]
INFO: [ view_filter ] --END-- [ RunTime:0.038396s ]
INFO: [ view_end ] --START--
INFO: Run ShowPageTrace Behavior [ RunTime:-0.631536s ]
INFO: [ view_end ] --END-- [ RunTime:0.002085s ]
SQL: SELECT * FROM `pin_adboard` WHERE ( `id` = 5 ) AND ( `status` = 1 ) LIMIT 1   [ RunTime:0.000450s ]
SQL: SELECT `id`,`type`,`name`,`url`,`content`,`desc`,`extimg`,`extval` FROM `pin_ad` WHERE ( `board_id` = 5 ) AND ( `start_time` <= 1366597238 ) AND ( `end_time` >= 1366597238 ) AND ( `status` = 1 ) ORDER BY ordid  [ RunTime:0.000426s ]
INFO: [ view_template ] --START--
INFO: Run basic_template Behavior [ RunTime:-0.635802s ]
INFO: [ view_template ] --END-- [ RunTime:-0.267959s ]
INFO: [ view_parse ] --START--
INFO: Run ParseTemplate Behavior [ RunTime:-0.636103s ]
INFO: [ view_parse ] --END-- [ RunTime:-0.043181s ]
INFO: [ view_filter ] --START--
INFO: Run ContentReplace Behavior [ RunTime:-0.639465s ]
INFO: Run TokenBuild Behavior [ RunTime:-0.639620s ]
INFO: Run WriteHtmlCache Behavior [ RunTime:-0.639705s ]
INFO: Run ShowRuntime Behavior [ RunTime:-0.639754s ]
INFO: Run content_replace Behavior [ RunTime:-0.639862s ]
INFO: [ view_filter ] --END-- [ RunTime:-0.008002s ]
INFO: [ view_end ] --START--
INFO: Run ShowPageTrace Behavior [ RunTime:-0.640048s ]
INFO: [ view_end ] --END-- [ RunTime:-0.006429s ]
NOTIC: [8] Undefined index:  id C:\AppServ\www\joo\data\runtime\Cache\home\11e2f12d84b746b76491e3160c81a5b0.php 第 242 行.
SQL: SELECT * FROM `pin_adboard` WHERE ( `id` = 8 ) AND ( `status` = 1 ) LIMIT 1   [ RunTime:0.000561s ]
SQL: SELECT `id`,`type`,`name`,`url`,`content`,`desc`,`extimg`,`extval` FROM `pin_ad` WHERE ( `board_id` = 8 ) AND ( `start_time` <= 1366597238 ) AND ( `end_time` >= 1366597238 ) AND ( `status` = 1 ) ORDER BY ordid  [ RunTime:0.000559s ]
INFO: [ view_template ] --START--
INFO: Run basic_template Behavior [ RunTime:-0.644976s ]
INFO: [ view_template ] --END-- [ RunTime:-0.277142s ]
INFO: [ view_parse ] --START--
INFO: Run ParseTemplate Behavior [ RunTime:-0.645914s ]
INFO: [ view_parse ] --END-- [ RunTime:-0.052994s ]
INFO: [ view_filter ] --START--
INFO: Run ContentReplace Behavior [ RunTime:-0.649982s ]
INFO: Run TokenBuild Behavior [ RunTime:-0.650071s ]
INFO: Run WriteHtmlCache Behavior [ RunTime:-0.650140s ]
INFO: Run ShowRuntime Behavior [ RunTime:-0.650177s ]
INFO: Run content_replace Behavior [ RunTime:-0.650270s ]
INFO: [ view_filter ] --END-- [ RunTime:-0.018576s ]
INFO: [ view_end ] --START--
INFO: Run ShowPageTrace Behavior [ RunTime:-0.650409s ]
INFO: [ view_end ] --END-- [ RunTime:-0.016793s ]
NOTIC: [2] Missing argument 1 for JSMin::__construct(), called in C:\AppServ\www\joo\app\Lib\Pintag\loadTag.class.php on line 14 and defined C:\AppServ\www\joo\app\Lib\ORG\JSMin.class.php 第 89 行.
NOTIC: [8] Undefined variable: input C:\AppServ\www\joo\app\Lib\ORG\JSMin.class.php 第 91 行.
NOTIC: [2] Missing argument 1 for Dir::__construct(), called in C:\AppServ\www\joo\app\Lib\Pintag\loadTag.class.php on line 15 and defined C:\AppServ\www\joo\app\Lib\ORG\Dir.class.php 第 37 行.
NOTIC: [8] Undefined variable: path C:\AppServ\www\joo\app\Lib\ORG\Dir.class.php 第 39 行.
NOTIC: [8] Undefined variable: path C:\AppServ\www\joo\app\Lib\ORG\Dir.class.php 第 39 行.
INFO: Run ParseTemplate Behavior [ RunTime:-0.650409s ]
INFO: [ view_parse ] --END-- [ RunTime:-0.052994s ]
INFO: [ view_filter ] --START--
INFO: Run ContentReplace Behavior [ RunTime:-0.754633s ]
INFO: Run TokenBuild Behavior [ RunTime:-0.757377s ]
INFO: Run WriteHtmlCache Behavior [ RunTime:-0.757815s ]
INFO: Run ShowRuntime Behavior [ RunTime:-0.757878s ]
INFO: Run content_replace Behavior [ RunTime:-0.758020s ]
INFO: [ view_filter ] --END-- [ RunTime:-0.123215s ]
INFO: [ view_end ] --START--
INFO: Run ShowPageTrace Behavior [ RunTime:-0.758375s ]
INFO: [ view_end ] --END-- [ RunTime:-0.124748s ]

[ 2013-04-22T10:20:58+08:00 ] ERR: (ThinkException) Unknown column 'Model' in 'field list'
 [ SQL语句 ] : SELECT `id`,`title`,`img`,`uid`,`uname`,`intro`,`price`,`Model`,`FocalLength`,`ShutterSpeedValue`,`ApertureValue`,`ISOSpeedRatings`,`DateTimeOriginal`,`Width`,`Height`,`url`,`hits`,`likes`,`comments`,`laud`,`freedown`,`tag_cache`,`seo_title`,`seo_keys`,`seo_desc`,`add_time` FROM `pin_item` WHERE ( `id` = 16 ) AND ( `status` = 1 ) LIMIT 1  
